    1  pip install fasttext
    2  fasttext supervised -input train.txt -output model_imdb
    3  sudo apt-get update
    4  sudo apt-get install -y build-essential cmake
    5  git clone https://github.com/facebookresearch/fastText.git
    6  cd fastText
    7  make
    8  echo 'export PATH=$PATH:/workspaces/fastText' >> ~/.bashrc
    9  source ~/.bashrc
   10  fasttext
   11  fasttext supervised -input train.txt -output model_imdb
   12  ./fasttext supervised -input ../train.txt -output ../model_imdb
   13  sudo ln -s $(pwd)/fasttext /usr/local/bin/fasttext
   14  ./fasttext test model_imdb.bin test.txt
   15  ./fasttext supervised -input train.txt -output model_imdb
   16  ./fasttext supervised -input ../train.txt -output ../model_imdb
   17  ./fasttext test model_imdb.bin test.txt
   18  ./fasttext test ../model_imdb.bin ../test.txt
   19  echo "A great movie with thrilling scenes." | ./fasttext predict model_imdb.bin -
   20  echo "A great movie with thrilling scenes." | ./fasttext predict ../model_imdb.bin -
   21  ./fasttext supervised -input train.txt -output model_imdb -epoch 25 -lr 1.0 -wordNgrams 2
   22  ./fasttext supervised -input ../train.txt -output ../model_imdb -epoch 25 -lr 1.0 -wordNgrams 2
   23  ./fasttext test ../model_imdb.bin ../test.txt
   24  echo "The movie was an absolute masterpiece!" | ./fasttext predict ../model_imdb.bin -
   25  python -c "
   26  import pandas as pd
   27  df = pd.read_csv('IMDB Dataset.csv')
   28  df['formatted'] = '__label__' + df['sentiment'] + ' ' + df['review']
   29  df['formatted'].iloc[:40000].to_csv('train.txt', index=False, header=False)
   30  df['formatted'].iloc[40000:].to_csv('test.txt', index=False, header=False)
   31  "
   32  python -c "
   33  import pandas as pd
   34  df = pd.read_csv('IMDB Dataset.csv')
   35  df['formatted'] = '__label__' + df['sentiment'] + ' ' + df['review']
   36  df['formatted'].iloc[:40000].to_csv('train.txt', index=False, header=False)
   37  df['formatted'].iloc[40000:].to_csv('test.txt', index=False, header=False)
   38  "
   39  ./fasttext supervised -input train.txt -output model_imdb
   40  ./fasttext predict model_imdb.bin test.txt
   41  ./fasttext predict model_imdb.bin
   42  ./fasttext test model_imdb.bin test.txt
   43  ./fasttext supervised -input train.txt -output model_imdb -epoch 25 -lr 1.0 -wordNgrams 2
   44  ./fasttext test model_imdb.bin test.txt
   45  /home/codespace/.python/current/bin/python3 /workspaces/codespaces-blank/fastText/Preprocess.py
   46  cd fastText
   47  /home/codespace/.python/current/bin/python3 /workspaces/codespaces-blank/fastText/Preprocess.py
   48  ./fasttext supervised -input train.txt -output model_imdb
   49  ./fasttext test model_imdb.bin test.txt
   50  echo "The movie was absolutely brilliant, with stunning visuals and an amazing storyline!" | ./fasttext predict model_imdb.bin -
   51  echo "I was really disappointed by the movie; it was boring and felt too long." | ./fasttext predict model_imdb.bin -
   52  ./fasttext supervised -input train.txt -output model_imdb -lr 0.5 -epoch 25 
   53  ./fasttext test model_imdb.bin test.txt
   54  ./fasttext supervised -input train.txt -output model_imdb -lr 1 -epoch 25 -wordNgrams 2 -bucket 200000 -dim 50 
   55  ./fasttext supervised -input train.txt -output model_imdb -lr 1 -epoch 25 -wordNgrams 2 -bucket 200000 -dim 50 -loss hs
   56  ./fasttext supervised -input train.txt -output model_imdb -lr 1 -epoch 25 -wordNgrams 2 -bucket 200000 -dim 50 -loss ova
   57  ./fasttext test model_imdb.bin test.txt
   58  echo "I was really disappointed by the movie; it was boring and felt too long." | ./fasttext predict model_imdb.bin -
   59  history > command_history.log
